# JRE version: Java(TM) SE Runtime Environment 18.9 (11.0.13+10) (build 11.0.13+10-LTS-370)
# Java VM: Java HotSpot(TM) 64-Bit Server VM 18.9 (11.0.13+10-LTS-370, mixed mode, tiered, compressed oops, g1 gc, windows-amd64)
Heap:
 garbage-first heap   total 310272K, used 45694K [0x0000000704400000, 0x0000000800000000)
  region size 1024K, 34 young (34816K), 9 survivors (9216K)
 Metaspace       used 61419K, capacity 62981K, committed 63352K, reserved 1103872K
  class space    used 7897K, capacity 8532K, committed 8652K, reserved 1048576K
GC Heap History (10 events):
Event: 1.356 GC heap before
{Heap before GC invocations=3 (full 0):
 garbage-first heap   total 258048K, used 57560K [0x0000000704400000, 0x0000000800000000)
  region size 1024K, 54 young (55296K), 5 survivors (5120K)
 Metaspace       used 23739K, capacity 24349K, committed 24448K, reserved 1071104K
  class space    used 2676K, capacity 2933K, committed 2944K, reserved 1048576K
}
Event: 1.359 GC heap after
{Heap after GC invocations=4 (full 0):
 garbage-first heap   total 258048K, used 9539K [0x0000000704400000, 0x0000000800000000)
  region size 1024K, 4 young (4096K), 4 survivors (4096K)
 Metaspace       used 23739K, capacity 24349K, committed 24448K, reserved 1071104K
  class space    used 2676K, capacity 2933K, committed 2944K, reserved 1048576K
}
Event: 2.375 GC heap before
{Heap before GC invocations=4 (full 0):
 garbage-first heap   total 258048K, used 83267K [0x0000000704400000, 0x0000000800000000)
  region size 1024K, 77 young (78848K), 4 survivors (4096K)
 Metaspace       used 30386K, capacity 31220K, committed 31360K, reserved 1077248K
  class space    used 3524K, capacity 3863K, committed 3968K, reserved 1048576K
}
Event: 2.379 GC heap after
{Heap after GC invocations=5 (full 0):
 garbage-first heap   total 258048K, used 12360K [0x0000000704400000, 0x0000000800000000)
  region size 1024K, 6 young (6144K), 6 survivors (6144K)
 Metaspace       used 30386K, capacity 31220K, committed 31360K, reserved 1077248K
  class space    used 3524K, capacity 3863K, committed 3968K, reserved 1048576K
}
Event: 3.013 GC heap before
{Heap before GC invocations=5 (full 0):
 garbage-first heap   total 258048K, used 74824K [0x0000000704400000, 0x0000000800000000)
  region size 1024K, 69 young (70656K), 6 survivors (6144K)
 Metaspace       used 34800K, capacity 35773K, committed 35840K, reserved 1081344K
  class space    used 4062K, capacity 4450K, committed 4480K, reserved 1048576K
}
Event: 3.019 GC heap after
{Heap after GC invocations=6 (full 0):
 garbage-first heap   total 258048K, used 14541K [0x0000000704400000, 0x0000000800000000)
  region size 1024K, 8 young (8192K), 8 survivors (8192K)
 Metaspace       used 34800K, capacity 35773K, committed 35840K, reserved 1081344K
  class space    used 4062K, capacity 4450K, committed 4480K, reserved 1048576K
}
Event: 5.450 GC heap before
{Heap before GC invocations=7 (full 0):
 garbage-first heap   total 258048K, used 152781K [0x0000000704400000, 0x0000000800000000)
  region size 1024K, 143 young (146432K), 8 survivors (8192K)
 Metaspace       used 58254K, capacity 59725K, committed 59776K, reserved 1101824K
  class space    used 7455K, capacity 8043K, committed 8064K, reserved 1048576K
}
Event: 5.458 GC heap after
{Heap after GC invocations=8 (full 0):
 garbage-first heap   total 258048K, used 21231K [0x0000000704400000, 0x0000000800000000)
  region size 1024K, 15 young (15360K), 15 survivors (15360K)
 Metaspace       used 58254K, capacity 59725K, committed 59776K, reserved 1101824K
  class space    used 7455K, capacity 8043K, committed 8064K, reserved 1048576K
}
Event: 5.495 GC heap before
{Heap before GC invocations=8 (full 0):
 garbage-first heap   total 258048K, used 23279K [0x0000000704400000, 0x0000000800000000)
  region size 1024K, 18 young (18432K), 15 survivors (15360K)
 Metaspace       used 58472K, capacity 59887K, committed 59948K, reserved 1101824K
  class space    used 7480K, capacity 8056K, committed 8064K, reserved 1048576K
}
Event: 5.505 GC heap after
{Heap after GC invocations=9 (full 0):
 garbage-first heap   total 310272K, used 21118K [0x0000000704400000, 0x0000000800000000)
  region size 1024K, 9 young (9216K), 9 survivors (9216K)
 Metaspace       used 58472K, capacity 59887K, committed 59948K, reserved 1101824K
  class space    used 7480K, capacity 8056K, committed 8064K, reserved 1048576K
}

